<?xml version="1.0" encoding="UTF-8"?>
<!-- Generated by org.testng.reporters.JUnitReportReporter -->
<testsuite hostname="DESKTOP-681KQAE" failures="0" tests="1" name="rahulShettyAcademy.pageObjects.ErrorProductValidation" time="12.107" errors="0" timestamp="2023-10-01T17:46:18 IST" skipped="0">
  <testcase classname="rahulShettyAcademy.pageObjects.ErrorProductValidation" name="submitOrder" time="12.107"/>
</testsuite> <!-- rahulShettyAcademy.pageObjects.ErrorProductValidation -->
