<?xml version="1.0" encoding="UTF-8"?>
<!-- Generated by org.testng.reporters.JUnitReportReporter -->
<testsuite hostname="DESKTOP-681KQAE" failures="0" tests="2" name="rahulShettyAcademy.pageObjects.StandAloneTestRef" time="24.982" errors="0" timestamp="2023-10-02T13:01:23 IST" skipped="0">
  <testcase classname="rahulShettyAcademy.pageObjects.StandAloneTestRef" name="submitOrder" time="12.538"/>
  <testcase classname="rahulShettyAcademy.pageObjects.StandAloneTestRef" name="submitOrder" time="12.444"/>
</testsuite> <!-- rahulShettyAcademy.pageObjects.StandAloneTestRef -->
