<?xml version="1.0" encoding="UTF-8"?>
<!-- Generated by org.testng.reporters.JUnitReportReporter -->
<testsuite hostname="DESKTOP-681KQAE" failures="0" tests="1" name="tests.PS1" time="0.010" errors="0" timestamp="2023-09-27T11:03:08 IST" skipped="0">
  <testcase classname="tests.PS1" name="testRun" time="0.010"/>
</testsuite> <!-- tests.PS1 -->
