<?xml version="1.0" encoding="UTF-8"?>
<!-- Generated by org.testng.reporters.JUnitReportReporter -->
<testsuite hostname="DESKTOP-681KQAE" failures="0" tests="1" name="rahulShettyAcademy.pageObjects.ErrorValidations" time="6.048" errors="0" timestamp="2023-10-01T12:43:00 IST" skipped="0">
  <testcase classname="rahulShettyAcademy.pageObjects.ErrorValidations" name="submitOrderErr" time="6.048"/>
</testsuite> <!-- rahulShettyAcademy.pageObjects.ErrorValidations -->
